[09-Dec-2015 05:49:50 UTC] PHP Notice:  Undefined index: channelname in G:\Webdocs\EnvirontechLive\httpdocs\app\DataStoreMgr\HighValueRuleDataStore.php on line 162
[09-Dec-2015 05:49:50 UTC] PHP Notice:  Undefined index: channelname in G:\Webdocs\EnvirontechLive\httpdocs\app\DataStoreMgr\HighValueRuleDataStore.php on line 162
[09-Dec-2015 05:49:54 UTC] PHP Notice:  Undefined index: locationname in G:\Webdocs\EnvirontechLive\httpdocs\app\DataStoreMgr\FolderDataStore.php on line 210
[09-Dec-2015 05:49:54 UTC] PHP Notice:  Undefined index: locationfolder in G:\Webdocs\EnvirontechLive\httpdocs\app\DataStoreMgr\FolderDataStore.php on line 211
[09-Dec-2015 05:49:54 UTC] PHP Notice:  Undefined index: isenable in G:\Webdocs\EnvirontechLive\httpdocs\app\DataStoreMgr\FolderDataStore.php on line 235
[09-Dec-2015 05:49:54 UTC] PHP Notice:  Undefined index: isvisible in G:\Webdocs\EnvirontechLive\httpdocs\app\DataStoreMgr\FolderDataStore.php on line 236
[09-Dec-2015 05:51:34 UTC] PHP Notice:  Undefined index: channelname in G:\Webdocs\EnvirontechLive\httpdocs\app\DataStoreMgr\HighValueRuleDataStore.php on line 162
[09-Dec-2015 05:51:34 UTC] PHP Notice:  Undefined index: channelname in G:\Webdocs\EnvirontechLive\httpdocs\app\DataStoreMgr\HighValueRuleDataStore.php on line 162
[09-Dec-2015 05:51:38 UTC] PHP Notice:  Undefined index: locationname in G:\Webdocs\EnvirontechLive\httpdocs\app\DataStoreMgr\FolderDataStore.php on line 210
[09-Dec-2015 05:51:38 UTC] PHP Notice:  Undefined index: locationfolder in G:\Webdocs\EnvirontechLive\httpdocs\app\DataStoreMgr\FolderDataStore.php on line 211
[09-Dec-2015 05:51:38 UTC] PHP Notice:  Undefined index: isenable in G:\Webdocs\EnvirontechLive\httpdocs\app\DataStoreMgr\FolderDataStore.php on line 235
[09-Dec-2015 05:51:38 UTC] PHP Notice:  Undefined index: isvisible in G:\Webdocs\EnvirontechLive\httpdocs\app\DataStoreMgr\FolderDataStore.php on line 236
[09-Dec-2015 05:51:42 UTC] PHP Notice:  Undefined index: locationname in G:\Webdocs\EnvirontechLive\httpdocs\app\DataStoreMgr\FolderDataStore.php on line 210
[09-Dec-2015 05:51:42 UTC] PHP Notice:  Undefined index: locationfolder in G:\Webdocs\EnvirontechLive\httpdocs\app\DataStoreMgr\FolderDataStore.php on line 211
[09-Dec-2015 05:51:42 UTC] PHP Notice:  Undefined index: isenable in G:\Webdocs\EnvirontechLive\httpdocs\app\DataStoreMgr\FolderDataStore.php on line 235
[09-Dec-2015 05:51:42 UTC] PHP Notice:  Undefined index: isvisible in G:\Webdocs\EnvirontechLive\httpdocs\app\DataStoreMgr\FolderDataStore.php on line 236
[09-Dec-2015 05:52:47 UTC] PHP Notice:  Undefined index: channelname in G:\Webdocs\EnvirontechLive\httpdocs\app\DataStoreMgr\HighValueRuleDataStore.php on line 162
[09-Dec-2015 05:52:47 UTC] PHP Notice:  Undefined index: channelname in G:\Webdocs\EnvirontechLive\httpdocs\app\DataStoreMgr\HighValueRuleDataStore.php on line 162
[09-Dec-2015 05:52:51 UTC] PHP Notice:  Undefined index: locationname in G:\Webdocs\EnvirontechLive\httpdocs\app\DataStoreMgr\FolderDataStore.php on line 210
[09-Dec-2015 05:52:51 UTC] PHP Notice:  Undefined index: locationfolder in G:\Webdocs\EnvirontechLive\httpdocs\app\DataStoreMgr\FolderDataStore.php on line 211
[09-Dec-2015 05:52:51 UTC] PHP Notice:  Undefined index: isenable in G:\Webdocs\EnvirontechLive\httpdocs\app\DataStoreMgr\FolderDataStore.php on line 235
[09-Dec-2015 05:52:51 UTC] PHP Notice:  Undefined index: isvisible in G:\Webdocs\EnvirontechLive\httpdocs\app\DataStoreMgr\FolderDataStore.php on line 236
[09-Dec-2015 05:53:02 UTC] PHP Notice:  Undefined index: locationname in G:\Webdocs\EnvirontechLive\httpdocs\app\DataStoreMgr\FolderDataStore.php on line 210
[09-Dec-2015 05:53:02 UTC] PHP Notice:  Undefined index: locationfolder in G:\Webdocs\EnvirontechLive\httpdocs\app\DataStoreMgr\FolderDataStore.php on line 211
[09-Dec-2015 05:53:02 UTC] PHP Notice:  Undefined index: isenable in G:\Webdocs\EnvirontechLive\httpdocs\app\DataStoreMgr\FolderDataStore.php on line 235
[09-Dec-2015 05:53:02 UTC] PHP Notice:  Undefined index: isvisible in G:\Webdocs\EnvirontechLive\httpdocs\app\DataStoreMgr\FolderDataStore.php on line 236
[09-Dec-2015 05:53:46 UTC] PHP Notice:  Undefined index: channelname in G:\Webdocs\EnvirontechLive\httpdocs\app\DataStoreMgr\HighValueRuleDataStore.php on line 162
[09-Dec-2015 05:53:46 UTC] PHP Notice:  Undefined index: channelname in G:\Webdocs\EnvirontechLive\httpdocs\app\DataStoreMgr\HighValueRuleDataStore.php on line 162
[09-Dec-2015 05:53:49 UTC] PHP Notice:  Undefined index: locationname in G:\Webdocs\EnvirontechLive\httpdocs\app\DataStoreMgr\FolderDataStore.php on line 210
[09-Dec-2015 05:53:49 UTC] PHP Notice:  Undefined index: locationfolder in G:\Webdocs\EnvirontechLive\httpdocs\app\DataStoreMgr\FolderDataStore.php on line 211
[09-Dec-2015 05:53:49 UTC] PHP Notice:  Undefined index: isenable in G:\Webdocs\EnvirontechLive\httpdocs\app\DataStoreMgr\FolderDataStore.php on line 235
[09-Dec-2015 05:53:49 UTC] PHP Notice:  Undefined index: isvisible in G:\Webdocs\EnvirontechLive\httpdocs\app\DataStoreMgr\FolderDataStore.php on line 236
[09-Dec-2015 05:58:55 UTC] PHP Notice:  Undefined index: locationname in G:\Webdocs\EnvirontechLive\httpdocs\app\DataStoreMgr\FolderDataStore.php on line 210
[09-Dec-2015 05:58:55 UTC] PHP Notice:  Undefined index: locationfolder in G:\Webdocs\EnvirontechLive\httpdocs\app\DataStoreMgr\FolderDataStore.php on line 211
[09-Dec-2015 05:58:55 UTC] PHP Notice:  Undefined index: isenable in G:\Webdocs\EnvirontechLive\httpdocs\app\DataStoreMgr\FolderDataStore.php on line 235
[09-Dec-2015 05:58:55 UTC] PHP Notice:  Undefined index: isvisible in G:\Webdocs\EnvirontechLive\httpdocs\app\DataStoreMgr\FolderDataStore.php on line 236
